C51 COMPILER V9.54   1                                                                     03/05/2016 15:57:42 PAGE 1   


C51 COMPILER V9.54, COMPILATION OF MODULE 1
OBJECT MODULE PLACED IN .\Objects\1.obj
COMPILER INVOKED BY: D:\Program Files (x86)\C51\BIN\C51.EXE ..\..\led\1.c OPTIMIZE(8,SPEED) BROWSE DEBUG OBJECTEXTEND PR
                    -INT(.\Listings\1.lst) TABS(2) OBJECT(.\Objects\1.obj)

line level    source

   1          //点亮所有灯//
   2          
   3          //p00-p07 11-18 低电平点亮
   4          //1e  y4c 高电平 数据通 低电平 锁存
   5          //y4  y4c
   6          //1   0
   7          //0   1
   8          //  a=p25 b=p26 c=p27 w4
   9          //0     0   1 0
  10          //0     0   0 1
  11          #include <reg52.h>
  12          
  13          sbit  A= p2^5;
*** ERROR C202 IN LINE 13 OF ..\..\led\1.c: 'p2': undefined identifier
  14          sbit  B= p2^6;
*** ERROR C202 IN LINE 14 OF ..\..\led\1.c: 'p2': undefined identifier
*** ERROR C231 IN LINE 14 OF ..\..\led\1.c: 'B': redefinition
  15          sbit  C= p2^7;
*** ERROR C202 IN LINE 15 OF ..\..\led\1.c: 'p2': undefined identifier
  16          
  17          void main()
  18          {
  19   1        while(1)
  20   1        {
  21   2          a=0x80;//1000 0000->0111 1111
*** ERROR C202 IN LINE 21 OF ..\..\led\1.c: 'a': undefined identifier
  22   2          A138=0;
*** ERROR C202 IN LINE 22 OF ..\..\led\1.c: 'A138': undefined identifier
  23   2          B138=0;
*** ERROR C202 IN LINE 23 OF ..\..\led\1.c: 'B138': undefined identifier
  24   2          C138=1;
*** ERROR C202 IN LINE 24 OF ..\..\led\1.c: 'C138': undefined identifier
  25   2          for (i=0; 1;//1++)
*** ERROR C202 IN LINE 25 OF ..\..\led\1.c: 'i': undefined identifier
  26   2          {
*** ERROR C141 IN LINE 26 OF ..\..\led\1.c: syntax error near '{', expected ')'
  27   3            p0=-a;//      1011 1111;
  28   3            delay1000;
*** ERROR C202 IN LINE 28 OF ..\..\led\1.c: 'delay1000': undefined identifier
  29   3            a=a >>1;//1000 0000 >> 0100 0000
*** ERROR C202 IN LINE 29 OF ..\..\led\1.c: 'a': undefined identifier
  30   3          }
  31   2          
  32   2          A138=0;
*** ERROR C202 IN LINE 32 OF ..\..\led\1.c: 'A138': undefined identifier
  33   2          B138=0;
*** ERROR C202 IN LINE 33 OF ..\..\led\1.c: 'B138': undefined identifier
  34   2          C138=0;
*** ERROR C202 IN LINE 34 OF ..\..\led\1.c: 'C138': undefined identifier
  35   2          }
  36   1      }
  37          
  38          void delay (unsigned int n)
  39          {
C51 COMPILER V9.54   1                                                                     03/05/2016 15:57:42 PAGE 2   

  40   1        int i,j;
  41   1        for (i=n; i<8; i++);
  42   1        for (j=110;j>0;j--)
  43   1      }
*** ERROR C141 IN LINE 43 OF ..\..\led\1.c: syntax error near '}'

C51 COMPILATION COMPLETE.  0 WARNING(S),  16 ERROR(S)
