C51 COMPILER V9.54   MAIN                                                                  03/05/2016 15:02:45 PAGE 1   


C51 COMPILER V9.54, COMPILATION OF MODULE MAIN
OBJECT MODULE PLACED IN .\Objects\main.obj
COMPILER INVOKED BY: F:\keil\C51\BIN\C51.EXE main.c OPTIMIZE(8,SPEED) BROWSE INCDIR(..\新建文件夹;.\led) DEBUG OBJECTEXT
                    -END PRINT(.\Listings\main.lst) TABS(2) OBJECT(.\Objects\main.obj)

line level    source

   1          
   2          #include <reg52.h>
   3          #include "led.h"
   4          #include "common.h"
   5          
   6          
   7          void  main()
   8          {
   9   1        N_buzz(0);
  10   1        while(1)
  11   1        {
  12   2      //    led_n(1);
  13   2      //    
  14   2      //    delay(1000);
  15   2      //    led_n(0);
  16   2      //    delay(1000);
  17   2          
  18   2      
  19   2          
  20   2        }
  21   1      }
  22          
  23          void delay (unsigned int n)
  24          {
  25   1         int i,j;
  26   1         for (i = n; i > 0; i--)
  27   1             for (j = 110;j > 0; j--);
  28   1      }


MODULE INFORMATION:   STATIC OVERLAYABLE
   CODE SIZE        =     39    ----
   CONSTANT SIZE    =   ----    ----
   XDATA SIZE       =   ----    ----
   PDATA SIZE       =   ----    ----
   DATA SIZE        =   ----    ----
   IDATA SIZE       =   ----    ----
   BIT SIZE         =   ----    ----
END OF MODULE INFORMATION.


C51 COMPILATION COMPLETE.  0 WARNING(S),  0 ERROR(S)
